{
  "C:/Users/Alena/Desktop/React-Components/react-rss/src/store/services/CharacterService.ts": {
    "path": "C:/Users/Alena/Desktop/React-Components/react-rss/src/store/services/CharacterService.ts",
    "statementMap": {
      "0": {
        "start": {
          "line": 2,
          "column": 28
        },
        "end": {
          "line": 20,
          "column": 2
        }
      },
      "1": {
        "start": {
          "line": 5,
          "column": 25
        },
        "end": {
          "line": 19,
          "column": 3
        }
      },
      "2": {
        "start": {
          "line": 7,
          "column": 29
        },
        "end": {
          "line": 12,
          "column": 7
        }
      },
      "3": {
        "start": {
          "line": 15,
          "column": 22
        },
        "end": {
          "line": 17,
          "column": 7
        }
      },
      "4": {
        "start": {
          "line": 25,
          "column": 4
        },
        "end": {
          "line": 25,
          "column": 16
        }
      },
      "5": {
        "start": {
          "line": 26,
          "column": 38
        },
        "end": {
          "line": 26,
          "column": 60
        }
      }
    },
    "fnMap": {
      "0": {
        "name": "(anonymous_0)",
        "decl": {
          "start": {
            "line": 5,
            "column": 13
          },
          "end": {
            "line": 5,
            "column": 14
          }
        },
        "loc": {
          "start": {
            "line": 5,
            "column": 25
          },
          "end": {
            "line": 19,
            "column": 3
          }
        },
        "line": 5
      },
      "1": {
        "name": "(anonymous_1)",
        "decl": {
          "start": {
            "line": 7,
            "column": 13
          },
          "end": {
            "line": 7,
            "column": 14
          }
        },
        "loc": {
          "start": {
            "line": 7,
            "column": 29
          },
          "end": {
            "line": 12,
            "column": 7
          }
        },
        "line": 7
      },
      "2": {
        "name": "(anonymous_2)",
        "decl": {
          "start": {
            "line": 15,
            "column": 13
          },
          "end": {
            "line": 15,
            "column": 14
          }
        },
        "loc": {
          "start": {
            "line": 15,
            "column": 22
          },
          "end": {
            "line": 17,
            "column": 7
          }
        },
        "line": 15
      }
    },
    "branchMap": {
      "0": {
        "loc": {
          "start": {
            "line": 7,
            "column": 14
          },
          "end": {
            "line": 7,
            "column": 23
          }
        },
        "type": "default-arg",
        "locations": [
          {
            "start": {
              "line": 7,
              "column": 21
            },
            "end": {
              "line": 7,
              "column": 23
            }
          }
        ],
        "line": 7
      }
    },
    "s": {
      "0": 2,
      "1": 2,
      "2": 1,
      "3": 0,
      "4": 2,
      "5": 2
    },
    "f": {
      "0": 2,
      "1": 1,
      "2": 0
    },
    "b": {
      "0": [
        0
      ]
    },
    "inputSourceMap": {
      "version": 3,
      "sources": [
        "C:/Users/Alena/Desktop/React-Components/react-rss/src/store/services/CharacterService.ts"
      ],
      "mappings": "AAAA,SAAS,WAAW,sBAAsB;AAOnC,aAAM,eAAe,UAAU;AAAA,EACpC,aAAa;AAAA,EACb,WAAW,eAAe,EAAE,SAAS,kCAAkC,CAAC;AAAA,EACxE,WAAW,CAAC,WAAW;AAAA,IACrB,oBAAoB,MAAM,MAAyB;AAAA,MACjD,OAAO,CAAC,OAAO,QAAQ;AAAA,QACrB,KAAK;AAAA,QACL,QAAQ;AAAA,UACN;AAAA,QACF;AAAA,MACF;AAAA,IACF,CAAC;AAAA,IACD,sBAAsB,MAAM,MAAyB;AAAA,MACnD,OAAO,CAAC,QAAgB;AAAA,QACtB,KAAK,cAAc;AAAA,MACrB;AAAA,IACF,CAAC;AAAA,EACH;AACF,CAAC;AAEM,aAAM;AAAA,EACX;AAAA,EACA;AAAA,EACA,MAAM,EAAE,uBAAuB;AACjC,IAAI;AAEG,aAAM,EAAE,mBAAmB,IAAI,aAAa;",
      "names": []
    },
    "_coverageSchema": "1a1c01bbd47fc00a2c39e90264f33305004495a9",
    "hash": "724023eb014ad2e95fb1d0af4036789babd84ca1"
  },
  "C:/Users/Alena/Desktop/React-Components/react-rss/src/store/reducers/characterSlice.ts": {
    "path": "C:/Users/Alena/Desktop/React-Components/react-rss/src/store/reducers/characterSlice.ts",
    "statementMap": {
      "0": {
        "start": {
          "line": 2,
          "column": 22
        },
        "end": {
          "line": 4,
          "column": 1
        }
      },
      "1": {
        "start": {
          "line": 5,
          "column": 23
        },
        "end": {
          "line": 13,
          "column": 2
        }
      },
      "2": {
        "start": {
          "line": 10,
          "column": 6
        },
        "end": {
          "line": 10,
          "column": 43
        }
      },
      "3": {
        "start": {
          "line": 14,
          "column": 36
        },
        "end": {
          "line": 14,
          "column": 58
        }
      }
    },
    "fnMap": {
      "0": {
        "name": "(anonymous_0)",
        "decl": {
          "start": {
            "line": 9,
            "column": 4
          },
          "end": {
            "line": 9,
            "column": 5
          }
        },
        "loc": {
          "start": {
            "line": 9,
            "column": 36
          },
          "end": {
            "line": 11,
            "column": 5
          }
        },
        "line": 9
      }
    },
    "branchMap": {},
    "s": {
      "0": 2,
      "1": 2,
      "2": 0,
      "3": 2
    },
    "f": {
      "0": 0
    },
    "b": {},
    "inputSourceMap": {
      "version": 3,
      "sources": [
        "C:/Users/Alena/Desktop/React-Components/react-rss/src/store/reducers/characterSlice.ts"
      ],
      "mappings": "AAAA,SAAS,mBAAmB;AAG5B,MAAM,gBAAgC;AAAA,EACpC,eAAe;AACjB;AAEA,MAAM,iBAAiB,YAAY;AAAA,EACjC,MAAM;AAAA,EACN,cAAc;AAAA,EACd,UAAU;AAAA,IACR,iBAAiB,OAAO,QAA6B;AACnD,YAAM,gBAAgB,OAAO;AAAA,IAC/B;AAAA,EACF;AACF,CAAC;AAEM,aAAM,EAAE,iBAAiB,IAAI,eAAe;AACnD,eAAe,eAAe;",
      "names": []
    },
    "_coverageSchema": "1a1c01bbd47fc00a2c39e90264f33305004495a9",
    "hash": "51940247bc03fb1e0dcba4ae80f74525da350316"
  },
  "C:/Users/Alena/Desktop/React-Components/react-rss/src/store/reducers/formSlice.ts": {
    "path": "C:/Users/Alena/Desktop/React-Components/react-rss/src/store/reducers/formSlice.ts",
    "statementMap": {
      "0": {
        "start": {
          "line": 2,
          "column": 22
        },
        "end": {
          "line": 4,
          "column": 1
        }
      },
      "1": {
        "start": {
          "line": 5,
          "column": 18
        },
        "end": {
          "line": 13,
          "column": 2
        }
      },
      "2": {
        "start": {
          "line": 10,
          "column": 6
        },
        "end": {
          "line": 10,
          "column": 59
        }
      },
      "3": {
        "start": {
          "line": 14,
          "column": 27
        },
        "end": {
          "line": 14,
          "column": 44
        }
      }
    },
    "fnMap": {
      "0": {
        "name": "(anonymous_0)",
        "decl": {
          "start": {
            "line": 9,
            "column": 4
          },
          "end": {
            "line": 9,
            "column": 5
          }
        },
        "loc": {
          "start": {
            "line": 9,
            "column": 27
          },
          "end": {
            "line": 11,
            "column": 5
          }
        },
        "line": 9
      }
    },
    "branchMap": {},
    "s": {
      "0": 2,
      "1": 2,
      "2": 0,
      "3": 2
    },
    "f": {
      "0": 0
    },
    "b": {},
    "inputSourceMap": {
      "version": 3,
      "sources": [
        "C:/Users/Alena/Desktop/React-Components/react-rss/src/store/reducers/formSlice.ts"
      ],
      "mappings": "AAAA,SAAS,mBAAmB;AAW5B,MAAM,gBAA2C;AAAA,EAC/C,UAAU,CAAC;AACb;AAEA,MAAM,YAAY,YAAY;AAAA,EAC5B,MAAM;AAAA,EACN,cAAc;AAAA,EACd,UAAU;AAAA,IACR,QAAQ,OAAO,QAAgC;AAC7C,YAAM,WAAW,CAAC,GAAG,MAAM,UAAU,OAAO,OAAO;AAAA,IACrD;AAAA,EACF;AACF,CAAC;AAEM,aAAM,EAAE,QAAQ,IAAI,UAAU;AACrC,eAAe,UAAU;",
      "names": []
    },
    "_coverageSchema": "1a1c01bbd47fc00a2c39e90264f33305004495a9",
    "hash": "2bfc0d80b6b1c7cc9bd5475f826233811ef021c6"
  },
  "C:/Users/Alena/Desktop/React-Components/react-rss/src/store/store.ts": {
    "path": "C:/Users/Alena/Desktop/React-Components/react-rss/src/store/store.ts",
    "statementMap": {
      "0": {
        "start": {
          "line": 6,
          "column": 27
        },
        "end": {
          "line": 10,
          "column": 2
        }
      },
      "1": {
        "start": {
          "line": 11,
          "column": 26
        },
        "end": {
          "line": 16,
          "column": 1
        }
      },
      "2": {
        "start": {
          "line": 12,
          "column": 2
        },
        "end": {
          "line": 15,
          "column": 5
        }
      },
      "3": {
        "start": {
          "line": 14,
          "column": 42
        },
        "end": {
          "line": 14,
          "column": 96
        }
      }
    },
    "fnMap": {
      "0": {
        "name": "(anonymous_0)",
        "decl": {
          "start": {
            "line": 11,
            "column": 26
          },
          "end": {
            "line": 11,
            "column": 27
          }
        },
        "loc": {
          "start": {
            "line": 11,
            "column": 32
          },
          "end": {
            "line": 16,
            "column": 1
          }
        },
        "line": 11
      },
      "1": {
        "name": "(anonymous_1)",
        "decl": {
          "start": {
            "line": 14,
            "column": 16
          },
          "end": {
            "line": 14,
            "column": 17
          }
        },
        "loc": {
          "start": {
            "line": 14,
            "column": 42
          },
          "end": {
            "line": 14,
            "column": 96
          }
        },
        "line": 14
      }
    },
    "branchMap": {},
    "s": {
      "0": 2,
      "1": 2,
      "2": 2,
      "3": 2
    },
    "f": {
      "0": 2,
      "1": 2
    },
    "b": {},
    "inputSourceMap": {
      "version": 3,
      "sources": [
        "C:/Users/Alena/Desktop/React-Components/react-rss/src/store/store.ts"
      ],
      "mappings": "AAAA,SAAS,uBAAuB;AAChC,SAAS,sBAAsB;AAE/B,SAAS,oBAAoB;AAE7B,OAAO,sBAAsB;AAC7B,OAAO,iBAAiB;AAEjB,aAAM,cAAc,gBAAgB;AAAA,EACzC,YAAY;AAAA,EACZ,MAAM;AAAA,EACN,CAAC,aAAa,WAAW,GAAG,aAAa;AAC3C,CAAC;AAEM,aAAM,aAAa,MAAM;AAC9B,SAAO,eAAe;AAAA,IACpB,SAAS;AAAA,IACT,YAAY,CAAC,yBACX,qBAAqB,EAAE,OAAO,aAAa,UAAU;AAAA,EACzD,CAAC;AACH;",
      "names": []
    },
    "_coverageSchema": "1a1c01bbd47fc00a2c39e90264f33305004495a9",
    "hash": "915bd7aa4ad176ac5d690f66e6b70256a37b371d"
  },
  "C:/Users/Alena/Desktop/React-Components/react-rss/src/router/paths.ts": {
    "path": "C:/Users/Alena/Desktop/React-Components/react-rss/src/router/paths.ts",
    "statementMap": {
      "0": {
        "start": {
          "line": 1,
          "column": 21
        },
        "end": {
          "line": 6,
          "column": 1
        }
      }
    },
    "fnMap": {},
    "branchMap": {},
    "s": {
      "0": 2
    },
    "f": {},
    "b": {},
    "inputSourceMap": {
      "version": 3,
      "sources": [
        "C:/Users/Alena/Desktop/React-Components/react-rss/src/router/paths.ts"
      ],
      "mappings": "AAAO,aAAM,QAAQ;AAAA,EACjB,UAAU;AAAA,EACV,OAAO;AAAA,EACP,OAAO;AAAA,EACP,OAAO;AACX;",
      "names": []
    },
    "_coverageSchema": "1a1c01bbd47fc00a2c39e90264f33305004495a9",
    "hash": "01a0fc1f73c0cd253ff5ddfd7fa17c91b181887f"
  },
  "C:/Users/Alena/Desktop/React-Components/react-rss/src/pages/404Page/Page404.tsx": {
    "path": "C:/Users/Alena/Desktop/React-Components/react-rss/src/pages/404Page/Page404.tsx",
    "statementMap": {
      "0": {
        "start": {
          "line": 5,
          "column": 0
        },
        "end": {
          "line": 15,
          "column": 1
        }
      },
      "1": {
        "start": {
          "line": 6,
          "column": 2
        },
        "end": {
          "line": 8,
          "column": 3
        }
      },
      "2": {
        "start": {
          "line": 7,
          "column": 4
        },
        "end": {
          "line": 7,
          "column": 165
        }
      },
      "3": {
        "start": {
          "line": 9,
          "column": 2
        },
        "end": {
          "line": 9,
          "column": 39
        }
      },
      "4": {
        "start": {
          "line": 10,
          "column": 2
        },
        "end": {
          "line": 10,
          "column": 39
        }
      },
      "5": {
        "start": {
          "line": 11,
          "column": 2
        },
        "end": {
          "line": 13,
          "column": 4
        }
      },
      "6": {
        "start": {
          "line": 12,
          "column": 4
        },
        "end": {
          "line": 12,
          "column": 123
        }
      },
      "7": {
        "start": {
          "line": 14,
          "column": 2
        },
        "end": {
          "line": 14,
          "column": 75
        }
      },
      "8": {
        "start": {
          "line": 19,
          "column": 16
        },
        "end": {
          "line": 40,
          "column": 1
        }
      },
      "9": {
        "start": {
          "line": 20,
          "column": 2
        },
        "end": {
          "line": 39,
          "column": 11
        }
      },
      "10": {
        "start": {
          "line": 41,
          "column": 0
        },
        "end": {
          "line": 41,
          "column": 13
        }
      },
      "11": {
        "start": {
          "line": 44,
          "column": 0
        },
        "end": {
          "line": 44,
          "column": 28
        }
      },
      "12": {
        "start": {
          "line": 45,
          "column": 0
        },
        "end": {
          "line": 61,
          "column": 1
        }
      },
      "13": {
        "start": {
          "line": 46,
          "column": 2
        },
        "end": {
          "line": 46,
          "column": 39
        }
      },
      "14": {
        "start": {
          "line": 47,
          "column": 2
        },
        "end": {
          "line": 47,
          "column": 39
        }
      },
      "15": {
        "start": {
          "line": 48,
          "column": 2
        },
        "end": {
          "line": 60,
          "column": 5
        }
      },
      "16": {
        "start": {
          "line": 52,
          "column": 4
        },
        "end": {
          "line": 52,
          "column": 149
        }
      },
      "17": {
        "start": {
          "line": 53,
          "column": 4
        },
        "end": {
          "line": 59,
          "column": 7
        }
      },
      "18": {
        "start": {
          "line": 54,
          "column": 6
        },
        "end": {
          "line": 55,
          "column": 15
        }
      },
      "19": {
        "start": {
          "line": 55,
          "column": 8
        },
        "end": {
          "line": 55,
          "column": 15
        }
      },
      "20": {
        "start": {
          "line": 56,
          "column": 32
        },
        "end": {
          "line": 56,
          "column": 115
        }
      },
      "21": {
        "start": {
          "line": 57,
          "column": 6
        },
        "end": {
          "line": 58,
          "column": 54
        }
      },
      "22": {
        "start": {
          "line": 58,
          "column": 8
        },
        "end": {
          "line": 58,
          "column": 54
        }
      }
    },
    "fnMap": {
      "0": {
        "name": "(anonymous_0)",
        "decl": {
          "start": {
            "line": 11,
            "column": 24
          },
          "end": {
            "line": 11,
            "column": 25
          }
        },
        "loc": {
          "start": {
            "line": 11,
            "column": 38
          },
          "end": {
            "line": 13,
            "column": 3
          }
        },
        "line": 11
      },
      "1": {
        "name": "(anonymous_1)",
        "decl": {
          "start": {
            "line": 19,
            "column": 16
          },
          "end": {
            "line": 19,
            "column": 17
          }
        },
        "loc": {
          "start": {
            "line": 19,
            "column": 22
          },
          "end": {
            "line": 40,
            "column": 1
          }
        },
        "line": 19
      },
      "2": {
        "name": "(anonymous_2)",
        "decl": {
          "start": {
            "line": 51,
            "column": 9
          },
          "end": {
            "line": 51,
            "column": 10
          }
        },
        "loc": {
          "start": {
            "line": 51,
            "column": 29
          },
          "end": {
            "line": 60,
            "column": 3
          }
        },
        "line": 51
      },
      "3": {
        "name": "(anonymous_3)",
        "decl": {
          "start": {
            "line": 53,
            "column": 27
          },
          "end": {
            "line": 53,
            "column": 28
          }
        },
        "loc": {
          "start": {
            "line": 53,
            "column": 44
          },
          "end": {
            "line": 59,
            "column": 5
          }
        },
        "line": 53
      }
    },
    "branchMap": {
      "0": {
        "loc": {
          "start": {
            "line": 5,
            "column": 0
          },
          "end": {
            "line": 15,
            "column": 1
          }
        },
        "type": "if",
        "locations": [
          {
            "start": {
              "line": 5,
              "column": 0
            },
            "end": {
              "line": 15,
              "column": 1
            }
          },
          {
            "start": {},
            "end": {}
          }
        ],
        "line": 5
      },
      "1": {
        "loc": {
          "start": {
            "line": 6,
            "column": 2
          },
          "end": {
            "line": 8,
            "column": 3
          }
        },
        "type": "if",
        "locations": [
          {
            "start": {
              "line": 6,
              "column": 2
            },
            "end": {
              "line": 8,
              "column": 3
            }
          },
          {
            "start": {},
            "end": {}
          }
        ],
        "line": 6
      },
      "2": {
        "loc": {
          "start": {
            "line": 45,
            "column": 0
          },
          "end": {
            "line": 61,
            "column": 1
          }
        },
        "type": "if",
        "locations": [
          {
            "start": {
              "line": 45,
              "column": 0
            },
            "end": {
              "line": 61,
              "column": 1
            }
          },
          {
            "start": {},
            "end": {}
          }
        ],
        "line": 45
      },
      "3": {
        "loc": {
          "start": {
            "line": 54,
            "column": 6
          },
          "end": {
            "line": 55,
            "column": 15
          }
        },
        "type": "if",
        "locations": [
          {
            "start": {
              "line": 54,
              "column": 6
            },
            "end": {
              "line": 55,
              "column": 15
            }
          },
          {
            "start": {},
            "end": {}
          }
        ],
        "line": 54
      },
      "4": {
        "loc": {
          "start": {
            "line": 57,
            "column": 6
          },
          "end": {
            "line": 58,
            "column": 54
          }
        },
        "type": "if",
        "locations": [
          {
            "start": {
              "line": 57,
              "column": 6
            },
            "end": {
              "line": 58,
              "column": 54
            }
          },
          {
            "start": {},
            "end": {}
          }
        ],
        "line": 57
      }
    },
    "s": {
      "0": 2,
      "1": 2,
      "2": 0,
      "3": 2,
      "4": 2,
      "5": 2,
      "6": 2,
      "7": 2,
      "8": 2,
      "9": 0,
      "10": 2,
      "11": 2,
      "12": 2,
      "13": 2,
      "14": 2,
      "15": 2,
      "16": 2,
      "17": 2,
      "18": 0,
      "19": 0,
      "20": 0,
      "21": 0,
      "22": 0
    },
    "f": {
      "0": 2,
      "1": 0,
      "2": 2,
      "3": 0
    },
    "b": {
      "0": [
        2,
        0
      ],
      "1": [
        0,
        2
      ],
      "2": [
        2,
        0
      ],
      "3": [
        0,
        0
      ],
      "4": [
        0,
        0
      ]
    },
    "inputSourceMap": {
      "version": 3,
      "mappings": "AASM;AATN,2BAAwB;AAAkB;AAAA;AAAA;AAAA;AAAA;AAAA;AAAA;AAAA;AAAA;AAAA;AAAA;AAAA;AAAA;AAAA;AAE1C,SAASA,aAAa;AAEtB,OAAOC,YAAY;AAEnB,MAAMC,UAAUA,MAAM;AACpB,SACE,uBAAC,SAAI,WAAWD,OAAOE,SACrB;AAAA,2BAAC,QAAG,WAAWF,OAAOG,OAAO,6BAA7B;AAAA;AAAA;AAAA;AAAA,WAA0C;AAAA,IAC1C,uBAAC,WAAQ,IAAIJ,MAAMK,OACjB,iCAAC,OAAE,WAAWJ,OAAOK,MAAM,6DAA3B;AAAA;AAAA;AAAA;AAAA,WAEA,KAHF;AAAA;AAAA;AAAA;AAAA,WAIA;AAAA,OANF;AAAA;AAAA;AAAA;AAAA,SAOA;AAEJ;AAACC,KAXKL;AAaN,eAAeA;AAAO;AAAAM",
      "names": [
        "PATHS",
        "styles",
        "Page404",
        "wrapper",
        "title",
        "CARDS",
        "text",
        "_c",
        "$RefreshReg$"
      ],
      "sources": [
        "C:/Users/Alena/Desktop/React-Components/react-rss/src/pages/404Page/Page404.tsx"
      ],
      "file": "C:/Users/Alena/Desktop/React-Components/react-rss/src/pages/404Page/Page404.tsx"
    },
    "_coverageSchema": "1a1c01bbd47fc00a2c39e90264f33305004495a9",
    "hash": "907f3d969481911188040226f812ca42b2a4620e"
  },
  "C:/Users/Alena/Desktop/React-Components/react-rss/src/pages/404Page/index.ts": {
    "path": "C:/Users/Alena/Desktop/React-Components/react-rss/src/pages/404Page/index.ts",
    "statementMap": {},
    "fnMap": {},
    "branchMap": {},
    "s": {},
    "f": {},
    "b": {},
    "inputSourceMap": {
      "version": 3,
      "sources": [
        "C:/Users/Alena/Desktop/React-Components/react-rss/src/pages/404Page/index.ts"
      ],
      "mappings": "AAAA,wBAAwB;",
      "names": []
    },
    "_coverageSchema": "1a1c01bbd47fc00a2c39e90264f33305004495a9",
    "hash": "e774ff8b1110ce75cf6c22c1aa54b289b979a487"
  },
  "C:/Users/Alena/Desktop/React-Components/react-rss/src/components/Header/constants.tsx": {
    "path": "C:/Users/Alena/Desktop/React-Components/react-rss/src/components/Header/constants.tsx",
    "statementMap": {
      "0": {
        "start": {
          "line": 2,
          "column": 31
        },
        "end": {
          "line": 11,
          "column": 2
        }
      }
    },
    "fnMap": {},
    "branchMap": {},
    "s": {
      "0": 2
    },
    "f": {},
    "b": {},
    "inputSourceMap": {
      "version": 3,
      "mappings": "AAAA,SAASA,aAAa;AAEf,aAAMC,kBAAkB,CAC7B;AAAA,EACEC,IAAIF,MAAMG;AAAAA,EACVC,OAAO;AACT,GACA;AAAA,EACEF,IAAIF,MAAMK;AAAAA,EACVD,OAAO;AACT,GACA;AAAA,EACEF,IAAIF,MAAMM;AAAAA,EACVF,OAAO;AACT,CAAC",
      "names": [
        "PATHS",
        "NAVIGATION_MENU",
        "to",
        "CARDS",
        "label",
        "FORMS",
        "ABOUT"
      ],
      "sources": [
        "C:/Users/Alena/Desktop/React-Components/react-rss/src/components/Header/constants.tsx"
      ],
      "file": "C:/Users/Alena/Desktop/React-Components/react-rss/src/components/Header/constants.tsx"
    },
    "_coverageSchema": "1a1c01bbd47fc00a2c39e90264f33305004495a9",
    "hash": "315241e5a91265723a83d6ea093e4d297b5ba4ad"
  },
  "C:/Users/Alena/Desktop/React-Components/react-rss/src/components/Header/Header.tsx": {
    "path": "C:/Users/Alena/Desktop/React-Components/react-rss/src/components/Header/Header.tsx",
    "statementMap": {
      "0": {
        "start": {
          "line": 5,
          "column": 0
        },
        "end": {
          "line": 15,
          "column": 1
        }
      },
      "1": {
        "start": {
          "line": 6,
          "column": 2
        },
        "end": {
          "line": 8,
          "column": 3
        }
      },
      "2": {
        "start": {
          "line": 7,
          "column": 4
        },
        "end": {
          "line": 7,
          "column": 165
        }
      },
      "3": {
        "start": {
          "line": 9,
          "column": 2
        },
        "end": {
          "line": 9,
          "column": 39
        }
      },
      "4": {
        "start": {
          "line": 10,
          "column": 2
        },
        "end": {
          "line": 10,
          "column": 39
        }
      },
      "5": {
        "start": {
          "line": 11,
          "column": 2
        },
        "end": {
          "line": 13,
          "column": 4
        }
      },
      "6": {
        "start": {
          "line": 12,
          "column": 4
        },
        "end": {
          "line": 12,
          "column": 126
        }
      },
      "7": {
        "start": {
          "line": 14,
          "column": 2
        },
        "end": {
          "line": 14,
          "column": 75
        }
      },
      "8": {
        "start": {
          "line": 16,
          "column": 9
        },
        "end": {
          "line": 16,
          "column": 23
        }
      },
      "9": {
        "start": {
          "line": 22,
          "column": 15
        },
        "end": {
          "line": 67,
          "column": 1
        }
      },
      "10": {
        "start": {
          "line": 23,
          "column": 2
        },
        "end": {
          "line": 23,
          "column": 7
        }
      },
      "11": {
        "start": {
          "line": 26,
          "column": 6
        },
        "end": {
          "line": 26,
          "column": 19
        }
      },
      "12": {
        "start": {
          "line": 27,
          "column": 22
        },
        "end": {
          "line": 27,
          "column": 50
        }
      },
      "13": {
        "start": {
          "line": 28,
          "column": 2
        },
        "end": {
          "line": 66,
          "column": 11
        }
      },
      "14": {
        "start": {
          "line": 41,
          "column": 33
        },
        "end": {
          "line": 45,
          "column": 12
        }
      },
      "15": {
        "start": {
          "line": 68,
          "column": 0
        },
        "end": {
          "line": 70,
          "column": 3
        }
      },
      "16": {
        "start": {
          "line": 69,
          "column": 2
        },
        "end": {
          "line": 69,
          "column": 23
        }
      },
      "17": {
        "start": {
          "line": 71,
          "column": 0
        },
        "end": {
          "line": 71,
          "column": 12
        }
      },
      "18": {
        "start": {
          "line": 74,
          "column": 0
        },
        "end": {
          "line": 74,
          "column": 27
        }
      },
      "19": {
        "start": {
          "line": 75,
          "column": 0
        },
        "end": {
          "line": 91,
          "column": 1
        }
      },
      "20": {
        "start": {
          "line": 76,
          "column": 2
        },
        "end": {
          "line": 76,
          "column": 39
        }
      },
      "21": {
        "start": {
          "line": 77,
          "column": 2
        },
        "end": {
          "line": 77,
          "column": 39
        }
      },
      "22": {
        "start": {
          "line": 78,
          "column": 2
        },
        "end": {
          "line": 90,
          "column": 5
        }
      },
      "23": {
        "start": {
          "line": 82,
          "column": 4
        },
        "end": {
          "line": 82,
          "column": 152
        }
      },
      "24": {
        "start": {
          "line": 83,
          "column": 4
        },
        "end": {
          "line": 89,
          "column": 7
        }
      },
      "25": {
        "start": {
          "line": 84,
          "column": 6
        },
        "end": {
          "line": 85,
          "column": 15
        }
      },
      "26": {
        "start": {
          "line": 85,
          "column": 8
        },
        "end": {
          "line": 85,
          "column": 15
        }
      },
      "27": {
        "start": {
          "line": 86,
          "column": 32
        },
        "end": {
          "line": 86,
          "column": 115
        }
      },
      "28": {
        "start": {
          "line": 87,
          "column": 6
        },
        "end": {
          "line": 88,
          "column": 54
        }
      },
      "29": {
        "start": {
          "line": 88,
          "column": 8
        },
        "end": {
          "line": 88,
          "column": 54
        }
      }
    },
    "fnMap": {
      "0": {
        "name": "(anonymous_0)",
        "decl": {
          "start": {
            "line": 11,
            "column": 24
          },
          "end": {
            "line": 11,
            "column": 25
          }
        },
        "loc": {
          "start": {
            "line": 11,
            "column": 38
          },
          "end": {
            "line": 13,
            "column": 3
          }
        },
        "line": 11
      },
      "1": {
        "name": "(anonymous_1)",
        "decl": {
          "start": {
            "line": 22,
            "column": 15
          },
          "end": {
            "line": 22,
            "column": 16
          }
        },
        "loc": {
          "start": {
            "line": 22,
            "column": 21
          },
          "end": {
            "line": 67,
            "column": 1
          }
        },
        "line": 22
      },
      "2": {
        "name": "(anonymous_2)",
        "decl": {
          "start": {
            "line": 38,
            "column": 93
          },
          "end": {
            "line": 38,
            "column": 94
          }
        },
        "loc": {
          "start": {
            "line": 41,
            "column": 33
          },
          "end": {
            "line": 45,
            "column": 12
          }
        },
        "line": 41
      },
      "3": {
        "name": "(anonymous_3)",
        "decl": {
          "start": {
            "line": 68,
            "column": 50
          },
          "end": {
            "line": 68,
            "column": 51
          }
        },
        "loc": {
          "start": {
            "line": 68,
            "column": 61
          },
          "end": {
            "line": 70,
            "column": 1
          }
        },
        "line": 68
      },
      "4": {
        "name": "(anonymous_4)",
        "decl": {
          "start": {
            "line": 81,
            "column": 9
          },
          "end": {
            "line": 81,
            "column": 10
          }
        },
        "loc": {
          "start": {
            "line": 81,
            "column": 29
          },
          "end": {
            "line": 90,
            "column": 3
          }
        },
        "line": 81
      },
      "5": {
        "name": "(anonymous_5)",
        "decl": {
          "start": {
            "line": 83,
            "column": 27
          },
          "end": {
            "line": 83,
            "column": 28
          }
        },
        "loc": {
          "start": {
            "line": 83,
            "column": 44
          },
          "end": {
            "line": 89,
            "column": 5
          }
        },
        "line": 83
      }
    },
    "branchMap": {
      "0": {
        "loc": {
          "start": {
            "line": 5,
            "column": 0
          },
          "end": {
            "line": 15,
            "column": 1
          }
        },
        "type": "if",
        "locations": [
          {
            "start": {
              "line": 5,
              "column": 0
            },
            "end": {
              "line": 15,
              "column": 1
            }
          },
          {
            "start": {},
            "end": {}
          }
        ],
        "line": 5
      },
      "1": {
        "loc": {
          "start": {
            "line": 6,
            "column": 2
          },
          "end": {
            "line": 8,
            "column": 3
          }
        },
        "type": "if",
        "locations": [
          {
            "start": {
              "line": 6,
              "column": 2
            },
            "end": {
              "line": 8,
              "column": 3
            }
          },
          {
            "start": {},
            "end": {}
          }
        ],
        "line": 6
      },
      "2": {
        "loc": {
          "start": {
            "line": 27,
            "column": 22
          },
          "end": {
            "line": 27,
            "column": 50
          }
        },
        "type": "binary-expr",
        "locations": [
          {
            "start": {
              "line": 27,
              "column": 22
            },
            "end": {
              "line": 27,
              "column": 39
            }
          },
          {
            "start": {
              "line": 27,
              "column": 43
            },
            "end": {
              "line": 27,
              "column": 50
            }
          }
        ],
        "line": 27
      },
      "3": {
        "loc": {
          "start": {
            "line": 75,
            "column": 0
          },
          "end": {
            "line": 91,
            "column": 1
          }
        },
        "type": "if",
        "locations": [
          {
            "start": {
              "line": 75,
              "column": 0
            },
            "end": {
              "line": 91,
              "column": 1
            }
          },
          {
            "start": {},
            "end": {}
          }
        ],
        "line": 75
      },
      "4": {
        "loc": {
          "start": {
            "line": 84,
            "column": 6
          },
          "end": {
            "line": 85,
            "column": 15
          }
        },
        "type": "if",
        "locations": [
          {
            "start": {
              "line": 84,
              "column": 6
            },
            "end": {
              "line": 85,
              "column": 15
            }
          },
          {
            "start": {},
            "end": {}
          }
        ],
        "line": 84
      },
      "5": {
        "loc": {
          "start": {
            "line": 87,
            "column": 6
          },
          "end": {
            "line": 88,
            "column": 54
          }
        },
        "type": "if",
        "locations": [
          {
            "start": {
              "line": 87,
              "column": 6
            },
            "end": {
              "line": 88,
              "column": 54
            }
          },
          {
            "start": {},
            "end": {}
          }
        ],
        "line": 87
      }
    },
    "s": {
      "0": 2,
      "1": 2,
      "2": 0,
      "3": 2,
      "4": 2,
      "5": 2,
      "6": 2,
      "7": 2,
      "8": 2,
      "9": 2,
      "10": 4,
      "11": 4,
      "12": 4,
      "13": 4,
      "14": 12,
      "15": 2,
      "16": 2,
      "17": 2,
      "18": 2,
      "19": 2,
      "20": 2,
      "21": 2,
      "22": 2,
      "23": 2,
      "24": 2,
      "25": 0,
      "26": 0,
      "27": 0,
      "28": 0,
      "29": 0
    },
    "f": {
      "0": 2,
      "1": 4,
      "2": 12,
      "3": 2,
      "4": 2,
      "5": 0
    },
    "b": {
      "0": [
        2,
        0
      ],
      "1": [
        0,
        2
      ],
      "2": [
        4,
        2
      ],
      "3": [
        2,
        0
      ],
      "4": [
        0,
        0
      ],
      "5": [
        0,
        0
      ]
    },
    "inputSourceMap": {
      "version": 3,
      "mappings": "AAkBU;;;;;;;;;;;;;;;;AAjBV,SAASA,SAASC,mBAAmB;AAErC,SAASC,aAAa;AACtB,SAASC,kBAAkBC,YAAY;AAEvC,SAASC,uBAAuB;AAEhC,OAAOC,YAAY;AAEnB,MAAMC,SAAaA,MAAM;AAAAC;AACvB,QAAM;AAAA,IAAEC;AAAAA,EAAS,IAAIR,YAAW;AAChC,QAAMS,cAAcD,SAASE,MAAM,CAAC,KAAK;AAEzC,SACE,uBAAC,YAAO,WAAWL,OAAOM,WACxB,iCAAC,SAAI,WAAWN,OAAOO,YACrB;AAAA,2BAAC,WAAQ,IAAIX,MAAMY,OACjB,iCAAC,QAAK,WAAWR,OAAOS,QAAxB;AAAA;AAAA;AAAA;AAAA,WAA6B,KAD/B;AAAA;AAAA;AAAA;AAAA,WAEA;AAAA,IACA,uBAAC,SAAI,WAAWT,OAAOU,SACpBX,0BAAgBY,IAAI,CAAC;AAAA,MAAEC;AAAAA,MAAIC;AAAAA,IAAM,GAAGC,UACnC,uBAAC,WAAoB,IAAQ,WAAWd,OAAOe,UAC5CF,mBADWC,OAAd;AAAA;AAAA;AAAA;AAAA,WAEA,CACD,KALH;AAAA;AAAA;AAAA;AAAA,WAMA;AAAA,IACA,uBAAC,SAAI;AAAA;AAAA,MAAeV;AAAAA,SAApB;AAAA;AAAA;AAAA;AAAA,WAAgC;AAAA,OAXlC;AAAA;AAAA;AAAA;AAAA,SAYA,KAbF;AAAA;AAAA;AAAA;AAAA,SAcA;AAEJ;AAACF,GArBKD,QAAU;AAAA,UACON,WAAW;AAAA;AAAAqB,KAD5Bf;AAsBN,eAAeA;AAAM;AAAAgB",
      "names": [
        "NavLink",
        "useLocation",
        "PATHS",
        "ReactComponent",
        "Logo",
        "NAVIGATION_MENU",
        "styles",
        "Header",
        "_s",
        "pathname",
        "currentPage",
        "slice",
        "container",
        "navigation",
        "CARDS",
        "logo",
        "navLink",
        "map",
        "to",
        "label",
        "index",
        "menuItem",
        "_c",
        "$RefreshReg$"
      ],
      "sources": [
        "C:/Users/Alena/Desktop/React-Components/react-rss/src/components/Header/Header.tsx"
      ],
      "file": "C:/Users/Alena/Desktop/React-Components/react-rss/src/components/Header/Header.tsx"
    },
    "_coverageSchema": "1a1c01bbd47fc00a2c39e90264f33305004495a9",
    "hash": "aeca2696a7ca49df94d27d109daf1df183e46f17"
  },
  "C:/Users/Alena/Desktop/React-Components/react-rss/src/components/Header/index.ts": {
    "path": "C:/Users/Alena/Desktop/React-Components/react-rss/src/components/Header/index.ts",
    "statementMap": {},
    "fnMap": {},
    "branchMap": {},
    "s": {},
    "f": {},
    "b": {},
    "inputSourceMap": {
      "version": 3,
      "sources": [
        "C:/Users/Alena/Desktop/React-Components/react-rss/src/components/Header/index.ts"
      ],
      "mappings": "AAAA,wBAAwB;",
      "names": []
    },
    "_coverageSchema": "1a1c01bbd47fc00a2c39e90264f33305004495a9",
    "hash": "52eb0995da89dfea741e4c82bb3e1f6635443b97"
  },
  "C:/Users/Alena/Desktop/React-Components/react-rss/src/components/Footer/Footer.tsx": {
    "path": "C:/Users/Alena/Desktop/React-Components/react-rss/src/components/Footer/Footer.tsx",
    "statementMap": {
      "0": {
        "start": {
          "line": 5,
          "column": 0
        },
        "end": {
          "line": 15,
          "column": 1
        }
      },
      "1": {
        "start": {
          "line": 6,
          "column": 2
        },
        "end": {
          "line": 8,
          "column": 3
        }
      },
      "2": {
        "start": {
          "line": 7,
          "column": 4
        },
        "end": {
          "line": 7,
          "column": 165
        }
      },
      "3": {
        "start": {
          "line": 9,
          "column": 2
        },
        "end": {
          "line": 9,
          "column": 39
        }
      },
      "4": {
        "start": {
          "line": 10,
          "column": 2
        },
        "end": {
          "line": 10,
          "column": 39
        }
      },
      "5": {
        "start": {
          "line": 11,
          "column": 2
        },
        "end": {
          "line": 13,
          "column": 4
        }
      },
      "6": {
        "start": {
          "line": 12,
          "column": 4
        },
        "end": {
          "line": 12,
          "column": 126
        }
      },
      "7": {
        "start": {
          "line": 14,
          "column": 2
        },
        "end": {
          "line": 14,
          "column": 75
        }
      },
      "8": {
        "start": {
          "line": 19,
          "column": 15
        },
        "end": {
          "line": 45,
          "column": 1
        }
      },
      "9": {
        "start": {
          "line": 20,
          "column": 2
        },
        "end": {
          "line": 44,
          "column": 11
        }
      },
      "10": {
        "start": {
          "line": 46,
          "column": 0
        },
        "end": {
          "line": 46,
          "column": 12
        }
      },
      "11": {
        "start": {
          "line": 49,
          "column": 0
        },
        "end": {
          "line": 49,
          "column": 27
        }
      },
      "12": {
        "start": {
          "line": 50,
          "column": 0
        },
        "end": {
          "line": 66,
          "column": 1
        }
      },
      "13": {
        "start": {
          "line": 51,
          "column": 2
        },
        "end": {
          "line": 51,
          "column": 39
        }
      },
      "14": {
        "start": {
          "line": 52,
          "column": 2
        },
        "end": {
          "line": 52,
          "column": 39
        }
      },
      "15": {
        "start": {
          "line": 53,
          "column": 2
        },
        "end": {
          "line": 65,
          "column": 5
        }
      },
      "16": {
        "start": {
          "line": 57,
          "column": 4
        },
        "end": {
          "line": 57,
          "column": 152
        }
      },
      "17": {
        "start": {
          "line": 58,
          "column": 4
        },
        "end": {
          "line": 64,
          "column": 7
        }
      },
      "18": {
        "start": {
          "line": 59,
          "column": 6
        },
        "end": {
          "line": 60,
          "column": 15
        }
      },
      "19": {
        "start": {
          "line": 60,
          "column": 8
        },
        "end": {
          "line": 60,
          "column": 15
        }
      },
      "20": {
        "start": {
          "line": 61,
          "column": 32
        },
        "end": {
          "line": 61,
          "column": 115
        }
      },
      "21": {
        "start": {
          "line": 62,
          "column": 6
        },
        "end": {
          "line": 63,
          "column": 54
        }
      },
      "22": {
        "start": {
          "line": 63,
          "column": 8
        },
        "end": {
          "line": 63,
          "column": 54
        }
      }
    },
    "fnMap": {
      "0": {
        "name": "(anonymous_0)",
        "decl": {
          "start": {
            "line": 11,
            "column": 24
          },
          "end": {
            "line": 11,
            "column": 25
          }
        },
        "loc": {
          "start": {
            "line": 11,
            "column": 38
          },
          "end": {
            "line": 13,
            "column": 3
          }
        },
        "line": 11
      },
      "1": {
        "name": "(anonymous_1)",
        "decl": {
          "start": {
            "line": 19,
            "column": 15
          },
          "end": {
            "line": 19,
            "column": 16
          }
        },
        "loc": {
          "start": {
            "line": 19,
            "column": 21
          },
          "end": {
            "line": 45,
            "column": 1
          }
        },
        "line": 19
      },
      "2": {
        "name": "(anonymous_2)",
        "decl": {
          "start": {
            "line": 56,
            "column": 9
          },
          "end": {
            "line": 56,
            "column": 10
          }
        },
        "loc": {
          "start": {
            "line": 56,
            "column": 29
          },
          "end": {
            "line": 65,
            "column": 3
          }
        },
        "line": 56
      },
      "3": {
        "name": "(anonymous_3)",
        "decl": {
          "start": {
            "line": 58,
            "column": 27
          },
          "end": {
            "line": 58,
            "column": 28
          }
        },
        "loc": {
          "start": {
            "line": 58,
            "column": 44
          },
          "end": {
            "line": 64,
            "column": 5
          }
        },
        "line": 58
      }
    },
    "branchMap": {
      "0": {
        "loc": {
          "start": {
            "line": 5,
            "column": 0
          },
          "end": {
            "line": 15,
            "column": 1
          }
        },
        "type": "if",
        "locations": [
          {
            "start": {
              "line": 5,
              "column": 0
            },
            "end": {
              "line": 15,
              "column": 1
            }
          },
          {
            "start": {},
            "end": {}
          }
        ],
        "line": 5
      },
      "1": {
        "loc": {
          "start": {
            "line": 6,
            "column": 2
          },
          "end": {
            "line": 8,
            "column": 3
          }
        },
        "type": "if",
        "locations": [
          {
            "start": {
              "line": 6,
              "column": 2
            },
            "end": {
              "line": 8,
              "column": 3
            }
          },
          {
            "start": {},
            "end": {}
          }
        ],
        "line": 6
      },
      "2": {
        "loc": {
          "start": {
            "line": 50,
            "column": 0
          },
          "end": {
            "line": 66,
            "column": 1
          }
        },
        "type": "if",
        "locations": [
          {
            "start": {
              "line": 50,
              "column": 0
            },
            "end": {
              "line": 66,
              "column": 1
            }
          },
          {
            "start": {},
            "end": {}
          }
        ],
        "line": 50
      },
      "3": {
        "loc": {
          "start": {
            "line": 59,
            "column": 6
          },
          "end": {
            "line": 60,
            "column": 15
          }
        },
        "type": "if",
        "locations": [
          {
            "start": {
              "line": 59,
              "column": 6
            },
            "end": {
              "line": 60,
              "column": 15
            }
          },
          {
            "start": {},
            "end": {}
          }
        ],
        "line": 59
      },
      "4": {
        "loc": {
          "start": {
            "line": 62,
            "column": 6
          },
          "end": {
            "line": 63,
            "column": 54
          }
        },
        "type": "if",
        "locations": [
          {
            "start": {
              "line": 62,
              "column": 6
            },
            "end": {
              "line": 63,
              "column": 54
            }
          },
          {
            "start": {},
            "end": {}
          }
        ],
        "line": 62
      }
    },
    "s": {
      "0": 2,
      "1": 2,
      "2": 0,
      "3": 2,
      "4": 2,
      "5": 2,
      "6": 2,
      "7": 2,
      "8": 2,
      "9": 4,
      "10": 2,
      "11": 2,
      "12": 2,
      "13": 2,
      "14": 2,
      "15": 2,
      "16": 2,
      "17": 2,
      "18": 0,
      "19": 0,
      "20": 0,
      "21": 0,
      "22": 0
    },
    "f": {
      "0": 2,
      "1": 4,
      "2": 2,
      "3": 0
    },
    "b": {
      "0": [
        2,
        0
      ],
      "1": [
        0,
        2
      ],
      "2": [
        2,
        0
      ],
      "3": [
        0,
        0
      ],
      "4": [
        0,
        0
      ]
    },
    "inputSourceMap": {
      "version": 3,
      "mappings": "AAUM;AAVN,2BAA0B;AAAA;AAAA;AAAA;AAAA;AAAA;AAAA;AAAA;AAAA;AAAA;AAAA;AAAA;AAAA;AAAA;AAE1B,SAASA,kBAAkBC,cAAc;AAEzC,OAAOC,YAAY;AACnB,SAASC,YAAY;AAErB,MAAMC,SAAaA,MAAM;AACvB,SACE,uBAAC,YAAO,WAAWF,OAAOG,WACxB;AAAA,2BAAC,SAAI,sBAAL;AAAA;AAAA;AAAA;AAAA,WAAW;AAAA,IACX,uBAAC,QAAK,IAAG,sBAAqB,QAAO,UAAS,KAAI,cAChD,iCAAC,UAAO,WAAWH,OAAOI,QAA1B;AAAA;AAAA;AAAA;AAAA,WAA+B,KADjC;AAAA;AAAA;AAAA;AAAA,WAEA;AAAA,IACA,uBAAC,QAAK,IAAG,8BAA6B,QAAO,UAAS,KAAI,cAAa,iCAAvE;AAAA;AAAA;AAAA;AAAA,WAEA;AAAA,OAPF;AAAA;AAAA;AAAA;AAAA,SAQA;AAEJ;AAACC,KAZKH;AAaN,eAAeA;AAAM;AAAAI",
      "names": [
        "ReactComponent",
        "RSLogo",
        "styles",
        "Link",
        "Footer",
        "container",
        "logo",
        "_c",
        "$RefreshReg$"
      ],
      "sources": [
        "C:/Users/Alena/Desktop/React-Components/react-rss/src/components/Footer/Footer.tsx"
      ],
      "file": "C:/Users/Alena/Desktop/React-Components/react-rss/src/components/Footer/Footer.tsx"
    },
    "_coverageSchema": "1a1c01bbd47fc00a2c39e90264f33305004495a9",
    "hash": "2157a2169f6357c85074c8a576b67d1fd13f5737"
  },
  "C:/Users/Alena/Desktop/React-Components/react-rss/src/components/Footer/index.ts": {
    "path": "C:/Users/Alena/Desktop/React-Components/react-rss/src/components/Footer/index.ts",
    "statementMap": {},
    "fnMap": {},
    "branchMap": {},
    "s": {},
    "f": {},
    "b": {},
    "inputSourceMap": {
      "version": 3,
      "sources": [
        "C:/Users/Alena/Desktop/React-Components/react-rss/src/components/Footer/index.ts"
      ],
      "mappings": "AAAA,wBAAwB;",
      "names": []
    },
    "_coverageSchema": "1a1c01bbd47fc00a2c39e90264f33305004495a9",
    "hash": "050c935959f5429e34cd918c786842d1f039a65e"
  },
  "C:/Users/Alena/Desktop/React-Components/react-rss/src/components/Layout/Layout.tsx": {
    "path": "C:/Users/Alena/Desktop/React-Components/react-rss/src/components/Layout/Layout.tsx",
    "statementMap": {
      "0": {
        "start": {
          "line": 5,
          "column": 0
        },
        "end": {
          "line": 15,
          "column": 1
        }
      },
      "1": {
        "start": {
          "line": 6,
          "column": 2
        },
        "end": {
          "line": 8,
          "column": 3
        }
      },
      "2": {
        "start": {
          "line": 7,
          "column": 4
        },
        "end": {
          "line": 7,
          "column": 165
        }
      },
      "3": {
        "start": {
          "line": 9,
          "column": 2
        },
        "end": {
          "line": 9,
          "column": 39
        }
      },
      "4": {
        "start": {
          "line": 10,
          "column": 2
        },
        "end": {
          "line": 10,
          "column": 39
        }
      },
      "5": {
        "start": {
          "line": 11,
          "column": 2
        },
        "end": {
          "line": 13,
          "column": 4
        }
      },
      "6": {
        "start": {
          "line": 12,
          "column": 4
        },
        "end": {
          "line": 12,
          "column": 126
        }
      },
      "7": {
        "start": {
          "line": 14,
          "column": 2
        },
        "end": {
          "line": 14,
          "column": 75
        }
      },
      "8": {
        "start": {
          "line": 19,
          "column": 15
        },
        "end": {
          "line": 43,
          "column": 1
        }
      },
      "9": {
        "start": {
          "line": 22,
          "column": 2
        },
        "end": {
          "line": 42,
          "column": 11
        }
      },
      "10": {
        "start": {
          "line": 44,
          "column": 0
        },
        "end": {
          "line": 44,
          "column": 12
        }
      },
      "11": {
        "start": {
          "line": 47,
          "column": 0
        },
        "end": {
          "line": 47,
          "column": 27
        }
      },
      "12": {
        "start": {
          "line": 48,
          "column": 0
        },
        "end": {
          "line": 64,
          "column": 1
        }
      },
      "13": {
        "start": {
          "line": 49,
          "column": 2
        },
        "end": {
          "line": 49,
          "column": 39
        }
      },
      "14": {
        "start": {
          "line": 50,
          "column": 2
        },
        "end": {
          "line": 50,
          "column": 39
        }
      },
      "15": {
        "start": {
          "line": 51,
          "column": 2
        },
        "end": {
          "line": 63,
          "column": 5
        }
      },
      "16": {
        "start": {
          "line": 55,
          "column": 4
        },
        "end": {
          "line": 55,
          "column": 152
        }
      },
      "17": {
        "start": {
          "line": 56,
          "column": 4
        },
        "end": {
          "line": 62,
          "column": 7
        }
      },
      "18": {
        "start": {
          "line": 57,
          "column": 6
        },
        "end": {
          "line": 58,
          "column": 15
        }
      },
      "19": {
        "start": {
          "line": 58,
          "column": 8
        },
        "end": {
          "line": 58,
          "column": 15
        }
      },
      "20": {
        "start": {
          "line": 59,
          "column": 32
        },
        "end": {
          "line": 59,
          "column": 115
        }
      },
      "21": {
        "start": {
          "line": 60,
          "column": 6
        },
        "end": {
          "line": 61,
          "column": 54
        }
      },
      "22": {
        "start": {
          "line": 61,
          "column": 8
        },
        "end": {
          "line": 61,
          "column": 54
        }
      }
    },
    "fnMap": {
      "0": {
        "name": "(anonymous_0)",
        "decl": {
          "start": {
            "line": 11,
            "column": 24
          },
          "end": {
            "line": 11,
            "column": 25
          }
        },
        "loc": {
          "start": {
            "line": 11,
            "column": 38
          },
          "end": {
            "line": 13,
            "column": 3
          }
        },
        "line": 11
      },
      "1": {
        "name": "(anonymous_1)",
        "decl": {
          "start": {
            "line": 19,
            "column": 15
          },
          "end": {
            "line": 19,
            "column": 16
          }
        },
        "loc": {
          "start": {
            "line": 21,
            "column": 6
          },
          "end": {
            "line": 43,
            "column": 1
          }
        },
        "line": 21
      },
      "2": {
        "name": "(anonymous_2)",
        "decl": {
          "start": {
            "line": 54,
            "column": 9
          },
          "end": {
            "line": 54,
            "column": 10
          }
        },
        "loc": {
          "start": {
            "line": 54,
            "column": 29
          },
          "end": {
            "line": 63,
            "column": 3
          }
        },
        "line": 54
      },
      "3": {
        "name": "(anonymous_3)",
        "decl": {
          "start": {
            "line": 56,
            "column": 27
          },
          "end": {
            "line": 56,
            "column": 28
          }
        },
        "loc": {
          "start": {
            "line": 56,
            "column": 44
          },
          "end": {
            "line": 62,
            "column": 5
          }
        },
        "line": 56
      }
    },
    "branchMap": {
      "0": {
        "loc": {
          "start": {
            "line": 5,
            "column": 0
          },
          "end": {
            "line": 15,
            "column": 1
          }
        },
        "type": "if",
        "locations": [
          {
            "start": {
              "line": 5,
              "column": 0
            },
            "end": {
              "line": 15,
              "column": 1
            }
          },
          {
            "start": {},
            "end": {}
          }
        ],
        "line": 5
      },
      "1": {
        "loc": {
          "start": {
            "line": 6,
            "column": 2
          },
          "end": {
            "line": 8,
            "column": 3
          }
        },
        "type": "if",
        "locations": [
          {
            "start": {
              "line": 6,
              "column": 2
            },
            "end": {
              "line": 8,
              "column": 3
            }
          },
          {
            "start": {},
            "end": {}
          }
        ],
        "line": 6
      },
      "2": {
        "loc": {
          "start": {
            "line": 48,
            "column": 0
          },
          "end": {
            "line": 64,
            "column": 1
          }
        },
        "type": "if",
        "locations": [
          {
            "start": {
              "line": 48,
              "column": 0
            },
            "end": {
              "line": 64,
              "column": 1
            }
          },
          {
            "start": {},
            "end": {}
          }
        ],
        "line": 48
      },
      "3": {
        "loc": {
          "start": {
            "line": 57,
            "column": 6
          },
          "end": {
            "line": 58,
            "column": 15
          }
        },
        "type": "if",
        "locations": [
          {
            "start": {
              "line": 57,
              "column": 6
            },
            "end": {
              "line": 58,
              "column": 15
            }
          },
          {
            "start": {},
            "end": {}
          }
        ],
        "line": 57
      },
      "4": {
        "loc": {
          "start": {
            "line": 60,
            "column": 6
          },
          "end": {
            "line": 61,
            "column": 54
          }
        },
        "type": "if",
        "locations": [
          {
            "start": {
              "line": 60,
              "column": 6
            },
            "end": {
              "line": 61,
              "column": 54
            }
          },
          {
            "start": {},
            "end": {}
          }
        ],
        "line": 60
      }
    },
    "s": {
      "0": 2,
      "1": 2,
      "2": 0,
      "3": 2,
      "4": 2,
      "5": 2,
      "6": 2,
      "7": 2,
      "8": 2,
      "9": 4,
      "10": 2,
      "11": 2,
      "12": 2,
      "13": 2,
      "14": 2,
      "15": 2,
      "16": 2,
      "17": 2,
      "18": 0,
      "19": 0,
      "20": 0,
      "21": 0,
      "22": 0
    },
    "f": {
      "0": 2,
      "1": 4,
      "2": 2,
      "3": 0
    },
    "b": {
      "0": [
        2,
        0
      ],
      "1": [
        0,
        2
      ],
      "2": [
        2,
        0
      ],
      "3": [
        0,
        0
      ],
      "4": [
        0,
        0
      ]
    },
    "inputSourceMap": {
      "version": 3,
      "mappings": "AAcM;AAdN,2BAAsB;AAAe;AAAA;AAAA;AAAA;AAAA;AAAA;AAAA;AAAA;AAAA;AAAA;AAAA;AAAA;AAAA;AAErC,OAAOA,YAAY;AACnB,OAAOC,YAAY;AAEnB,OAAOC,YAAY;AAMnB,MAAMC,SAAyBA,CAAC;AAAA,EAAEC;AAAS,MAAM;AAC/C,SACE,uBAAC,SAAI,WAAWF,OAAOG,QACrB;AAAA,2BAAC,YAAD;AAAA;AAAA;AAAA;AAAA,WAAO;AAAA,IACP,uBAAC,UAAK,WAAWH,OAAOI,eAAgBF,YAAxC;AAAA;AAAA;AAAA;AAAA,WAAiD;AAAA,IACjD,uBAAC,YAAD;AAAA;AAAA;AAAA;AAAA,WAAO;AAAA,OAHT;AAAA;AAAA;AAAA;AAAA,SAIA;AAEJ;AAACG,KARKJ;AAUN,eAAeA;AAAM;AAAAK",
      "names": [
        "Header",
        "Footer",
        "styles",
        "Layout",
        "children",
        "layout",
        "childrenBlock",
        "_c",
        "$RefreshReg$"
      ],
      "sources": [
        "C:/Users/Alena/Desktop/React-Components/react-rss/src/components/Layout/Layout.tsx"
      ],
      "file": "C:/Users/Alena/Desktop/React-Components/react-rss/src/components/Layout/Layout.tsx"
    },
    "_coverageSchema": "1a1c01bbd47fc00a2c39e90264f33305004495a9",
    "hash": "5205bd25bf1a27b5cf4f0802a3745d25cb924f69"
  },
  "C:/Users/Alena/Desktop/React-Components/react-rss/src/components/Layout/index.ts": {
    "path": "C:/Users/Alena/Desktop/React-Components/react-rss/src/components/Layout/index.ts",
    "statementMap": {},
    "fnMap": {},
    "branchMap": {},
    "s": {},
    "f": {},
    "b": {},
    "inputSourceMap": {
      "version": 3,
      "sources": [
        "C:/Users/Alena/Desktop/React-Components/react-rss/src/components/Layout/index.ts"
      ],
      "mappings": "AAAA,wBAAwB;",
      "names": []
    },
    "_coverageSchema": "1a1c01bbd47fc00a2c39e90264f33305004495a9",
    "hash": "cc3fc52872a87a950353016388cfec483a81f563"
  },
  "C:/Users/Alena/Desktop/React-Components/react-rss/src/pages/AboutPage/AboutPage.tsx": {
    "path": "C:/Users/Alena/Desktop/React-Components/react-rss/src/pages/AboutPage/AboutPage.tsx",
    "statementMap": {
      "0": {
        "start": {
          "line": 5,
          "column": 0
        },
        "end": {
          "line": 15,
          "column": 1
        }
      },
      "1": {
        "start": {
          "line": 6,
          "column": 2
        },
        "end": {
          "line": 8,
          "column": 3
        }
      },
      "2": {
        "start": {
          "line": 7,
          "column": 4
        },
        "end": {
          "line": 7,
          "column": 165
        }
      },
      "3": {
        "start": {
          "line": 9,
          "column": 2
        },
        "end": {
          "line": 9,
          "column": 39
        }
      },
      "4": {
        "start": {
          "line": 10,
          "column": 2
        },
        "end": {
          "line": 10,
          "column": 39
        }
      },
      "5": {
        "start": {
          "line": 11,
          "column": 2
        },
        "end": {
          "line": 13,
          "column": 4
        }
      },
      "6": {
        "start": {
          "line": 12,
          "column": 4
        },
        "end": {
          "line": 12,
          "column": 127
        }
      },
      "7": {
        "start": {
          "line": 14,
          "column": 2
        },
        "end": {
          "line": 14,
          "column": 75
        }
      },
      "8": {
        "start": {
          "line": 19,
          "column": 18
        },
        "end": {
          "line": 56,
          "column": 1
        }
      },
      "9": {
        "start": {
          "line": 20,
          "column": 2
        },
        "end": {
          "line": 55,
          "column": 11
        }
      },
      "10": {
        "start": {
          "line": 57,
          "column": 0
        },
        "end": {
          "line": 57,
          "column": 15
        }
      },
      "11": {
        "start": {
          "line": 60,
          "column": 0
        },
        "end": {
          "line": 60,
          "column": 30
        }
      },
      "12": {
        "start": {
          "line": 61,
          "column": 0
        },
        "end": {
          "line": 77,
          "column": 1
        }
      },
      "13": {
        "start": {
          "line": 62,
          "column": 2
        },
        "end": {
          "line": 62,
          "column": 39
        }
      },
      "14": {
        "start": {
          "line": 63,
          "column": 2
        },
        "end": {
          "line": 63,
          "column": 39
        }
      },
      "15": {
        "start": {
          "line": 64,
          "column": 2
        },
        "end": {
          "line": 76,
          "column": 5
        }
      },
      "16": {
        "start": {
          "line": 68,
          "column": 4
        },
        "end": {
          "line": 68,
          "column": 153
        }
      },
      "17": {
        "start": {
          "line": 69,
          "column": 4
        },
        "end": {
          "line": 75,
          "column": 7
        }
      },
      "18": {
        "start": {
          "line": 70,
          "column": 6
        },
        "end": {
          "line": 71,
          "column": 15
        }
      },
      "19": {
        "start": {
          "line": 71,
          "column": 8
        },
        "end": {
          "line": 71,
          "column": 15
        }
      },
      "20": {
        "start": {
          "line": 72,
          "column": 32
        },
        "end": {
          "line": 72,
          "column": 115
        }
      },
      "21": {
        "start": {
          "line": 73,
          "column": 6
        },
        "end": {
          "line": 74,
          "column": 54
        }
      },
      "22": {
        "start": {
          "line": 74,
          "column": 8
        },
        "end": {
          "line": 74,
          "column": 54
        }
      }
    },
    "fnMap": {
      "0": {
        "name": "(anonymous_0)",
        "decl": {
          "start": {
            "line": 11,
            "column": 24
          },
          "end": {
            "line": 11,
            "column": 25
          }
        },
        "loc": {
          "start": {
            "line": 11,
            "column": 38
          },
          "end": {
            "line": 13,
            "column": 3
          }
        },
        "line": 11
      },
      "1": {
        "name": "(anonymous_1)",
        "decl": {
          "start": {
            "line": 19,
            "column": 18
          },
          "end": {
            "line": 19,
            "column": 19
          }
        },
        "loc": {
          "start": {
            "line": 19,
            "column": 24
          },
          "end": {
            "line": 56,
            "column": 1
          }
        },
        "line": 19
      },
      "2": {
        "name": "(anonymous_2)",
        "decl": {
          "start": {
            "line": 67,
            "column": 9
          },
          "end": {
            "line": 67,
            "column": 10
          }
        },
        "loc": {
          "start": {
            "line": 67,
            "column": 29
          },
          "end": {
            "line": 76,
            "column": 3
          }
        },
        "line": 67
      },
      "3": {
        "name": "(anonymous_3)",
        "decl": {
          "start": {
            "line": 69,
            "column": 27
          },
          "end": {
            "line": 69,
            "column": 28
          }
        },
        "loc": {
          "start": {
            "line": 69,
            "column": 44
          },
          "end": {
            "line": 75,
            "column": 5
          }
        },
        "line": 69
      }
    },
    "branchMap": {
      "0": {
        "loc": {
          "start": {
            "line": 5,
            "column": 0
          },
          "end": {
            "line": 15,
            "column": 1
          }
        },
        "type": "if",
        "locations": [
          {
            "start": {
              "line": 5,
              "column": 0
            },
            "end": {
              "line": 15,
              "column": 1
            }
          },
          {
            "start": {},
            "end": {}
          }
        ],
        "line": 5
      },
      "1": {
        "loc": {
          "start": {
            "line": 6,
            "column": 2
          },
          "end": {
            "line": 8,
            "column": 3
          }
        },
        "type": "if",
        "locations": [
          {
            "start": {
              "line": 6,
              "column": 2
            },
            "end": {
              "line": 8,
              "column": 3
            }
          },
          {
            "start": {},
            "end": {}
          }
        ],
        "line": 6
      },
      "2": {
        "loc": {
          "start": {
            "line": 61,
            "column": 0
          },
          "end": {
            "line": 77,
            "column": 1
          }
        },
        "type": "if",
        "locations": [
          {
            "start": {
              "line": 61,
              "column": 0
            },
            "end": {
              "line": 77,
              "column": 1
            }
          },
          {
            "start": {},
            "end": {}
          }
        ],
        "line": 61
      },
      "3": {
        "loc": {
          "start": {
            "line": 70,
            "column": 6
          },
          "end": {
            "line": 71,
            "column": 15
          }
        },
        "type": "if",
        "locations": [
          {
            "start": {
              "line": 70,
              "column": 6
            },
            "end": {
              "line": 71,
              "column": 15
            }
          },
          {
            "start": {},
            "end": {}
          }
        ],
        "line": 70
      },
      "4": {
        "loc": {
          "start": {
            "line": 73,
            "column": 6
          },
          "end": {
            "line": 74,
            "column": 54
          }
        },
        "type": "if",
        "locations": [
          {
            "start": {
              "line": 73,
              "column": 6
            },
            "end": {
              "line": 74,
              "column": 54
            }
          },
          {
            "start": {},
            "end": {}
          }
        ],
        "line": 73
      }
    },
    "s": {
      "0": 2,
      "1": 2,
      "2": 0,
      "3": 2,
      "4": 2,
      "5": 2,
      "6": 2,
      "7": 2,
      "8": 2,
      "9": 0,
      "10": 2,
      "11": 2,
      "12": 2,
      "13": 2,
      "14": 2,
      "15": 2,
      "16": 2,
      "17": 2,
      "18": 0,
      "19": 0,
      "20": 0,
      "21": 0,
      "22": 0
    },
    "f": {
      "0": 2,
      "1": 0,
      "2": 2,
      "3": 0
    },
    "b": {
      "0": [
        2,
        0
      ],
      "1": [
        0,
        2
      ],
      "2": [
        2,
        0
      ],
      "3": [
        0,
        0
      ],
      "4": [
        0,
        0
      ]
    },
    "inputSourceMap": {
      "version": 3,
      "mappings": "AAYU;AAZV,2BAA0B;AAAA;AAAA;AAAA;AAAA;AAAA;AAAA;AAAA;AAAA;AAAA;AAAA;AAAA;AAAA;AAAA;AAE1B,OAAOA,YAAY;AACnB,SAASC,kBAAkBC,YAAY;AAEvC,OAAOC,YAAY;AAEnB,MAAMC,YAAgBA,MAAM;AAC1B,SACE,uBAAC,UACC,iCAAC,SAAI,WAAWD,OAAOE,WACrB;AAAA,2BAAC,SAAI,WAAWF,OAAOG,MACrB;AAAA,6BAAC,OAAE,8wBAAH;AAAA;AAAA;AAAA;AAAA,aAaA;AAAA,MACA,uBAAC,OAAE,gxBAAH;AAAA;AAAA;AAAA;AAAA,aAaA;AAAA,MACA,uBAAC,OAAE,2XAAH;AAAA;AAAA;AAAA;AAAA,aAOA;AAAA,SApCF;AAAA;AAAA;AAAA;AAAA,WAqCA;AAAA,IACA,uBAAC,QAAK,WAAWH,OAAOI,QAAxB;AAAA;AAAA;AAAA;AAAA,WAA6B;AAAA,OAvC/B;AAAA;AAAA;AAAA;AAAA,SAwCA,KAzCF;AAAA;AAAA;AAAA;AAAA,SA0CA;AAEJ;AAACC,KA9CKJ;AAgDN,eAAeA;AAAS;AAAAK",
      "names": [
        "Layout",
        "ReactComponent",
        "Logo",
        "styles",
        "AboutPage",
        "container",
        "info",
        "logo",
        "_c",
        "$RefreshReg$"
      ],
      "sources": [
        "C:/Users/Alena/Desktop/React-Components/react-rss/src/pages/AboutPage/AboutPage.tsx"
      ],
      "file": "C:/Users/Alena/Desktop/React-Components/react-rss/src/pages/AboutPage/AboutPage.tsx"
    },
    "_coverageSchema": "1a1c01bbd47fc00a2c39e90264f33305004495a9",
    "hash": "d9bbbcadc2090fc131da313a22ac8ed707c94e90"
  },
  "C:/Users/Alena/Desktop/React-Components/react-rss/src/pages/AboutPage/index.ts": {
    "path": "C:/Users/Alena/Desktop/React-Components/react-rss/src/pages/AboutPage/index.ts",
    "statementMap": {},
    "fnMap": {},
    "branchMap": {},
    "s": {},
    "f": {},
    "b": {},
    "inputSourceMap": {
      "version": 3,
      "sources": [
        "C:/Users/Alena/Desktop/React-Components/react-rss/src/pages/AboutPage/index.ts"
      ],
      "mappings": "AAAA,wBAAwB;",
      "names": []
    },
    "_coverageSchema": "1a1c01bbd47fc00a2c39e90264f33305004495a9",
    "hash": "bf20a7e66f9467586420084fbf3476bf89343bc3"
  },
  "C:/Users/Alena/Desktop/React-Components/react-rss/src/hooks/redux.ts": {
    "path": "C:/Users/Alena/Desktop/React-Components/react-rss/src/hooks/redux.ts",
    "statementMap": {
      "0": {
        "start": {
          "line": 2,
          "column": 30
        },
        "end": {
          "line": 2,
          "column": 41
        }
      },
      "1": {
        "start": {
          "line": 3,
          "column": 30
        },
        "end": {
          "line": 3,
          "column": 49
        }
      },
      "2": {
        "start": {
          "line": 3,
          "column": 36
        },
        "end": {
          "line": 3,
          "column": 49
        }
      }
    },
    "fnMap": {
      "0": {
        "name": "(anonymous_0)",
        "decl": {
          "start": {
            "line": 3,
            "column": 30
          },
          "end": {
            "line": 3,
            "column": 31
          }
        },
        "loc": {
          "start": {
            "line": 3,
            "column": 36
          },
          "end": {
            "line": 3,
            "column": 49
          }
        },
        "line": 3
      }
    },
    "branchMap": {},
    "s": {
      "0": 2,
      "1": 2,
      "2": 4
    },
    "f": {
      "0": 4
    },
    "b": {},
    "inputSourceMap": {
      "version": 3,
      "sources": [
        "C:/Users/Alena/Desktop/React-Components/react-rss/src/hooks/redux.ts"
      ],
      "mappings": "AAAA,SAA+B,aAAa,mBAAmB;AAIxD,aAAM,iBAAkD;AACxD,aAAM,iBAAiB,MAAM,YAAyB;",
      "names": []
    },
    "_coverageSchema": "1a1c01bbd47fc00a2c39e90264f33305004495a9",
    "hash": "af32da0aad1bac951677676b0e5b6751c80d0b1a"
  },
  "C:/Users/Alena/Desktop/React-Components/react-rss/src/pages/CardsPage/components/InputSearch/InputSearch.tsx": {
    "path": "C:/Users/Alena/Desktop/React-Components/react-rss/src/pages/CardsPage/components/InputSearch/InputSearch.tsx",
    "statementMap": {
      "0": {
        "start": {
          "line": 5,
          "column": 0
        },
        "end": {
          "line": 15,
          "column": 1
        }
      },
      "1": {
        "start": {
          "line": 6,
          "column": 2
        },
        "end": {
          "line": 8,
          "column": 3
        }
      },
      "2": {
        "start": {
          "line": 7,
          "column": 4
        },
        "end": {
          "line": 7,
          "column": 165
        }
      },
      "3": {
        "start": {
          "line": 9,
          "column": 2
        },
        "end": {
          "line": 9,
          "column": 39
        }
      },
      "4": {
        "start": {
          "line": 10,
          "column": 2
        },
        "end": {
          "line": 10,
          "column": 39
        }
      },
      "5": {
        "start": {
          "line": 11,
          "column": 2
        },
        "end": {
          "line": 13,
          "column": 4
        }
      },
      "6": {
        "start": {
          "line": 12,
          "column": 4
        },
        "end": {
          "line": 12,
          "column": 152
        }
      },
      "7": {
        "start": {
          "line": 14,
          "column": 2
        },
        "end": {
          "line": 14,
          "column": 75
        }
      },
      "8": {
        "start": {
          "line": 16,
          "column": 9
        },
        "end": {
          "line": 16,
          "column": 23
        }
      },
      "9": {
        "start": {
          "line": 23,
          "column": 20
        },
        "end": {
          "line": 61,
          "column": 1
        }
      },
      "10": {
        "start": {
          "line": 24,
          "column": 2
        },
        "end": {
          "line": 24,
          "column": 7
        }
      },
      "11": {
        "start": {
          "line": 29,
          "column": 6
        },
        "end": {
          "line": 29,
          "column": 15
        }
      },
      "12": {
        "start": {
          "line": 30,
          "column": 19
        },
        "end": {
          "line": 30,
          "column": 35
        }
      },
      "13": {
        "start": {
          "line": 33,
          "column": 6
        },
        "end": {
          "line": 33,
          "column": 49
        }
      },
      "14": {
        "start": {
          "line": 33,
          "column": 32
        },
        "end": {
          "line": 33,
          "column": 48
        }
      },
      "15": {
        "start": {
          "line": 34,
          "column": 2
        },
        "end": {
          "line": 36,
          "column": 32
        }
      },
      "16": {
        "start": {
          "line": 35,
          "column": 4
        },
        "end": {
          "line": 35,
          "column": 45
        }
      },
      "17": {
        "start": {
          "line": 37,
          "column": 17
        },
        "end": {
          "line": 39,
          "column": 3
        }
      },
      "18": {
        "start": {
          "line": 38,
          "column": 4
        },
        "end": {
          "line": 38,
          "column": 51
        }
      },
      "19": {
        "start": {
          "line": 40,
          "column": 2
        },
        "end": {
          "line": 60,
          "column": 11
        }
      },
      "20": {
        "start": {
          "line": 62,
          "column": 0
        },
        "end": {
          "line": 64,
          "column": 3
        }
      },
      "21": {
        "start": {
          "line": 63,
          "column": 2
        },
        "end": {
          "line": 63,
          "column": 51
        }
      },
      "22": {
        "start": {
          "line": 65,
          "column": 0
        },
        "end": {
          "line": 65,
          "column": 17
        }
      },
      "23": {
        "start": {
          "line": 68,
          "column": 0
        },
        "end": {
          "line": 68,
          "column": 32
        }
      },
      "24": {
        "start": {
          "line": 69,
          "column": 0
        },
        "end": {
          "line": 85,
          "column": 1
        }
      },
      "25": {
        "start": {
          "line": 70,
          "column": 2
        },
        "end": {
          "line": 70,
          "column": 39
        }
      },
      "26": {
        "start": {
          "line": 71,
          "column": 2
        },
        "end": {
          "line": 71,
          "column": 39
        }
      },
      "27": {
        "start": {
          "line": 72,
          "column": 2
        },
        "end": {
          "line": 84,
          "column": 5
        }
      },
      "28": {
        "start": {
          "line": 76,
          "column": 4
        },
        "end": {
          "line": 76,
          "column": 178
        }
      },
      "29": {
        "start": {
          "line": 77,
          "column": 4
        },
        "end": {
          "line": 83,
          "column": 7
        }
      },
      "30": {
        "start": {
          "line": 78,
          "column": 6
        },
        "end": {
          "line": 79,
          "column": 15
        }
      },
      "31": {
        "start": {
          "line": 79,
          "column": 8
        },
        "end": {
          "line": 79,
          "column": 15
        }
      },
      "32": {
        "start": {
          "line": 80,
          "column": 32
        },
        "end": {
          "line": 80,
          "column": 115
[...]
      "names": [
        "PATHS",
        "Page404",
        "AboutPage",
        "CardsPage",
        "FormsPage",
        "routes",
        "path",
        "ABOUT",
        "component",
        "FORMS",
        "CARDS",
        "PAGE_404"
      ],
      "sources": [
        "C:/Users/Alena/Desktop/React-Components/react-rss/src/router/routes.tsx"
      ],
      "file": "C:/Users/Alena/Desktop/React-Components/react-rss/src/router/routes.tsx"
    },
    "_coverageSchema": "1a1c01bbd47fc00a2c39e90264f33305004495a9",
    "hash": "0f96574d099246aae12677165f0d75a72bfa1308"
  },
  "C:/Users/Alena/Desktop/React-Components/react-rss/src/App.tsx": {
    "path": "C:/Users/Alena/Desktop/React-Components/react-rss/src/App.tsx",
    "statementMap": {
      "0": {
        "start": {
          "line": 5,
          "column": 0
        },
        "end": {
          "line": 15,
          "column": 1
        }
      },
      "1": {
        "start": {
          "line": 6,
          "column": 2
        },
        "end": {
          "line": 8,
          "column": 3
        }
      },
      "2": {
        "start": {
          "line": 7,
          "column": 4
        },
        "end": {
          "line": 7,
          "column": 165
        }
      },
      "3": {
        "start": {
          "line": 9,
          "column": 2
        },
        "end": {
          "line": 9,
          "column": 39
        }
      },
      "4": {
        "start": {
          "line": 10,
          "column": 2
        },
        "end": {
          "line": 10,
          "column": 39
        }
      },
      "5": {
        "start": {
          "line": 11,
          "column": 2
        },
        "end": {
          "line": 13,
          "column": 4
        }
      },
      "6": {
        "start": {
          "line": 12,
          "column": 4
        },
        "end": {
          "line": 12,
          "column": 105
        }
      },
      "7": {
        "start": {
          "line": 14,
          "column": 2
        },
        "end": {
          "line": 14,
          "column": 75
        }
      },
      "8": {
        "start": {
          "line": 19,
          "column": 2
        },
        "end": {
          "line": 34,
          "column": 11
        }
      },
      "9": {
        "start": {
          "line": 22,
          "column": 31
        },
        "end": {
          "line": 30,
          "column": 10
        }
      },
      "10": {
        "start": {
          "line": 36,
          "column": 0
        },
        "end": {
          "line": 36,
          "column": 9
        }
      },
      "11": {
        "start": {
          "line": 39,
          "column": 0
        },
        "end": {
          "line": 39,
          "column": 24
        }
      },
      "12": {
        "start": {
          "line": 40,
          "column": 0
        },
        "end": {
          "line": 56,
          "column": 1
        }
      },
      "13": {
        "start": {
          "line": 41,
          "column": 2
        },
        "end": {
          "line": 41,
          "column": 39
        }
      },
      "14": {
        "start": {
          "line": 42,
          "column": 2
        },
        "end": {
          "line": 42,
          "column": 39
        }
      },
      "15": {
        "start": {
          "line": 43,
          "column": 2
        },
        "end": {
          "line": 55,
          "column": 5
        }
      },
      "16": {
        "start": {
          "line": 47,
          "column": 4
        },
        "end": {
          "line": 47,
          "column": 131
        }
      },
      "17": {
        "start": {
          "line": 48,
          "column": 4
        },
        "end": {
          "line": 54,
          "column": 7
        }
      },
      "18": {
        "start": {
          "line": 49,
          "column": 6
        },
        "end": {
          "line": 50,
          "column": 15
        }
      },
      "19": {
        "start": {
          "line": 50,
          "column": 8
        },
        "end": {
          "line": 50,
          "column": 15
        }
      },
      "20": {
        "start": {
          "line": 51,
          "column": 32
        },
        "end": {
          "line": 51,
          "column": 115
        }
      },
      "21": {
        "start": {
          "line": 52,
          "column": 6
        },
        "end": {
          "line": 53,
          "column": 54
        }
      },
      "22": {
        "start": {
          "line": 53,
          "column": 8
        },
        "end": {
          "line": 53,
          "column": 54
        }
      }
    },
    "fnMap": {
      "0": {
        "name": "(anonymous_0)",
        "decl": {
          "start": {
            "line": 11,
            "column": 24
          },
          "end": {
            "line": 11,
            "column": 25
          }
        },
        "loc": {
          "start": {
            "line": 11,
            "column": 38
          },
          "end": {
            "line": 13,
            "column": 3
          }
        },
        "line": 11
      },
      "1": {
        "name": "App",
        "decl": {
          "start": {
            "line": 18,
            "column": 9
          },
          "end": {
            "line": 18,
            "column": 12
          }
        },
        "loc": {
          "start": {
            "line": 18,
            "column": 15
          },
          "end": {
            "line": 35,
            "column": 1
          }
        },
        "line": 18
      },
      "2": {
        "name": "(anonymous_2)",
        "decl": {
          "start": {
            "line": 19,
            "column": 63
          },
          "end": {
            "line": 19,
            "column": 64
          }
        },
        "loc": {
          "start": {
            "line": 22,
            "column": 31
          },
          "end": {
            "line": 30,
            "column": 10
          }
        },
        "line": 22
      },
      "3": {
        "name": "(anonymous_3)",
        "decl": {
          "start": {
            "line": 46,
            "column": 9
          },
          "end": {
            "line": 46,
            "column": 10
          }
        },
        "loc": {
          "start": {
            "line": 46,
            "column": 29
          },
          "end": {
            "line": 55,
            "column": 3
          }
        },
        "line": 46
      },
      "4": {
        "name": "(anonymous_4)",
        "decl": {
          "start": {
            "line": 48,
            "column": 27
          },
          "end": {
            "line": 48,
            "column": 28
          }
        },
        "loc": {
          "start": {
            "line": 48,
            "column": 44
          },
          "end": {
            "line": 54,
            "column": 5
          }
        },
        "line": 48
      }
    },
    "branchMap": {
      "0": {
        "loc": {
          "start": {
            "line": 5,
            "column": 0
          },
          "end": {
            "line": 15,
            "column": 1
          }
        },
        "type": "if",
        "locations": [
          {
            "start": {
              "line": 5,
              "column": 0
            },
            "end": {
              "line": 15,
              "column": 1
            }
          },
          {
            "start": {},
            "end": {}
          }
        ],
        "line": 5
      },
      "1": {
        "loc": {
          "start": {
            "line": 6,
            "column": 2
          },
          "end": {
            "line": 8,
            "column": 3
          }
        },
        "type": "if",
        "locations": [
          {
            "start": {
              "line": 6,
              "column": 2
            },
            "end": {
              "line": 8,
              "column": 3
            }
          },
          {
            "start": {},
            "end": {}
          }
        ],
        "line": 6
      },
      "2": {
        "loc": {
          "start": {
            "line": 40,
            "column": 0
          },
          "end": {
            "line": 56,
            "column": 1
          }
        },
        "type": "if",
        "locations": [
          {
            "start": {
              "line": 40,
              "column": 0
            },
            "end": {
              "line": 56,
              "column": 1
            }
          },
          {
            "start": {},
            "end": {}
          }
        ],
        "line": 40
      },
      "3": {
        "loc": {
          "start": {
            "line": 49,
            "column": 6
          },
          "end": {
            "line": 50,
            "column": 15
          }
        },
        "type": "if",
        "locations": [
          {
            "start": {
              "line": 49,
              "column": 6
            },
            "end": {
              "line": 50,
              "column": 15
            }
          },
          {
            "start": {},
            "end": {}
          }
        ],
        "line": 49
      },
      "4": {
        "loc": {
          "start": {
            "line": 52,
            "column": 6
          },
          "end": {
            "line": 53,
            "column": 54
          }
        },
        "type": "if",
        "locations": [
          {
            "start": {
              "line": 52,
              "column": 6
            },
            "end": {
              "line": 53,
              "column": 54
            }
          },
          {
            "start": {},
            "end": {}
          }
        ],
        "line": 52
      }
    },
    "s": {
      "0": 2,
      "1": 2,
      "2": 0,
      "3": 2,
      "4": 2,
      "5": 2,
      "6": 2,
      "7": 2,
      "8": 4,
      "9": 16,
      "10": 2,
      "11": 2,
      "12": 2,
      "13": 2,
      "14": 2,
      "15": 2,
      "16": 2,
      "17": 2,
      "18": 0,
      "19": 0,
      "20": 0,
      "21": 0,
      "22": 0
    },
    "f": {
      "0": 2,
      "1": 4,
      "2": 16,
      "3": 2,
      "4": 0
    },
    "b": {
      "0": [
        2,
        0
      ],
      "1": [
        0,
        2
      ],
      "2": [
        2,
        0
      ],
      "3": [
        0,
        0
      ],
      "4": [
        0,
        0
      ]
    },
    "inputSourceMap": {
      "version": 3,
      "mappings": "AAQgD;AARhD,2BAAsB;AAAQ,IAAkB;AAAA;AAAA;AAAA;AAAA;AAAA;AAAA;AAAA;AAAA;AAAA;AAAA;AAAA;AAAA;AAAA;AAEhD,SAASA,cAAc;AAEvB,SAASC,MAAM;AACb,SACE,uBAAC,UACED,iBAAOE,IAAI,CAAC;AAAA,IAAEC;AAAAA,IAAMC,WAAWC;AAAAA,EAAU,GAAGC,UAC3C,uBAAC,SAAkB,MAAY,SAAS,uBAAC,eAAD;AAAA;AAAA;AAAA;AAAA,SAAU,KAAtCA,OAAZ;AAAA;AAAA;AAAA;AAAA,SAAsD,CACvD,KAHH;AAAA;AAAA;AAAA;AAAA,SAIA;AAEJ;AAACC,KARQN;AAUT,eAAeA;AAAG;AAAAO",
      "names": [
        "routes",
        "App",
        "map",
        "path",
        "component",
        "Component",
        "index",
        "_c",
        "$RefreshReg$"
      ],
      "sources": [
        "C:/Users/Alena/Desktop/React-Components/react-rss/src/App.tsx"
      ],
      "file": "C:/Users/Alena/Desktop/React-Components/react-rss/src/App.tsx"
    },
    "_coverageSchema": "1a1c01bbd47fc00a2c39e90264f33305004495a9",
    "hash": "f69fee29d9d244eb38f810345b2a6ce3df5c4688"
  },
  "C:/Users/Alena/Desktop/React-Components/react-rss/src/main.tsx": {
    "path": "C:/Users/Alena/Desktop/React-Components/react-rss/src/main.tsx",
    "statementMap": {
      "0": {
        "start": {
          "line": 9,
          "column": 14
        },
        "end": {
          "line": 9,
          "column": 26
        }
      },
      "1": {
        "start": {
          "line": 10,
          "column": 0
        },
        "end": {
          "line": 26,
          "column": 10
        }
      }
    },
    "fnMap": {},
    "branchMap": {},
    "s": {
      "0": 2,
      "1": 2
    },
    "f": {},
    "b": {},
    "inputSourceMap": {
      "version": 3,
      "mappings": "AAkBQ;AAlBR,OAAOA,WAAW;AAClB,OAAOC,cAAc;AACrB,SAASC,qBAAqB;AAC9B,SAASC,gBAAgB;AAEzB,SAASC,kBAAkB;AAE3B,OAAOC,SAAS;AAEhB,OAAO;AAEP,MAAMC,QAAQF,WAAU;AAExBH,SAASM,YACPC,SAASC,eAAe,MAAM,GAC9B,uBAAC,MAAM,YAAN,EACC,iCAAC,YAAS,OACR,iCAAC,iBACC,iCAAC,SAAD;AAAA;AAAA;AAAA;AAAA,OAAI,KADN;AAAA;AAAA;AAAA;AAAA,OAEA,KAHF;AAAA;AAAA;AAAA;AAAA,OAIA,KALF;AAAA;AAAA;AAAA;AAAA,OAMA,CAAmB",
      "names": [
        "React",
        "ReactDOM",
        "BrowserRouter",
        "Provider",
        "setupStore",
        "App",
        "store",
        "hydrateRoot",
        "document",
        "getElementById"
      ],
      "sources": [
        "C:/Users/Alena/Desktop/React-Components/react-rss/src/main.tsx"
      ],
      "file": "C:/Users/Alena/Desktop/React-Components/react-rss/src/main.tsx"
    },
    "_coverageSchema": "1a1c01bbd47fc00a2c39e90264f33305004495a9",
    "hash": "3f7686c258ad12c9bdf3c2f90f6b1c53a71cd2f9"
  },
  "C:/Users/Alena/Desktop/React-Components/react-rss/src/constants/allCharacters.ts": {
    "path": "C:/Users/Alena/Desktop/React-Components/react-rss/src/constants/allCharacters.ts",
    "statementMap": {},
    "fnMap": {},
    "branchMap": {},
    "s": {},
    "f": {},
    "b": {}
  },
  "C:/Users/Alena/Desktop/React-Components/react-rss/src/mooks/handlers.ts": {
    "path": "C:/Users/Alena/Desktop/React-Components/react-rss/src/mooks/handlers.ts",
    "statementMap": {},
    "fnMap": {},
    "branchMap": {},
    "s": {},
    "f": {},
    "b": {}
  },
  "C:/Users/Alena/Desktop/React-Components/react-rss/src/mooks/server.ts": {
    "path": "C:/Users/Alena/Desktop/React-Components/react-rss/src/mooks/server.ts",
    "statementMap": {},
    "fnMap": {},
    "branchMap": {},
    "s": {},
    "f": {},
    "b": {}
  },
  "C:/Users/Alena/Desktop/React-Components/react-rss/src/tests/setup.ts": {
    "path": "C:/Users/Alena/Desktop/React-Components/react-rss/src/tests/setup.ts",
    "statementMap": {},
    "fnMap": {},
    "branchMap": {},
    "s": {},
    "f": {},
    "b": {}
  },
  "C:/Users/Alena/Desktop/React-Components/react-rss/src/store/types/characterTypes.ts": {
    "path": "C:/Users/Alena/Desktop/React-Components/react-rss/src/store/types/characterTypes.ts",
    "statementMap": {},
    "fnMap": {},
    "branchMap": {},
    "s": {},
    "f": {},
    "b": {}
  },
  "C:/Users/Alena/Desktop/React-Components/react-rss/src/entry-server.tsx": {
    "path": "C:/Users/Alena/Desktop/React-Components/react-rss/src/entry-server.tsx",
    "statementMap": {},
    "fnMap": {},
    "branchMap": {},
    "s": {},
    "f": {},
    "b": {}
  },
  "C:/Users/Alena/Desktop/React-Components/react-rss/src/tests/404Page.test.tsx": {
    "path": "C:/Users/Alena/Desktop/React-Components/react-rss/src/tests/404Page.test.tsx",
    "statementMap": {},
    "fnMap": {},
    "branchMap": {},
    "s": {},
    "f": {},
    "b": {}
  },
  "C:/Users/Alena/Desktop/React-Components/react-rss/src/tests/AboutPage.test.tsx": {
    "path": "C:/Users/Alena/Desktop/React-Components/react-rss/src/tests/AboutPage.test.tsx",
    "statementMap": {},
    "fnMap": {},
    "branchMap": {},
    "s": {},
    "f": {},
    "b": {}
  },
  "C:/Users/Alena/Desktop/React-Components/react-rss/src/tests/App.test.tsx": {
    "path": "C:/Users/Alena/Desktop/React-Components/react-rss/src/tests/App.test.tsx",
    "statementMap": {},
    "fnMap": {},
    "branchMap": {},
    "s": {},
    "f": {},
    "b": {}
  },
  "C:/Users/Alena/Desktop/React-Components/react-rss/src/tests/card.test.tsx": {
    "path": "C:/Users/Alena/Desktop/React-Components/react-rss/src/tests/card.test.tsx",
    "statementMap": {},
    "fnMap": {},
    "branchMap": {},
    "s": {},
    "f": {},
    "b": {}
  },
  "C:/Users/Alena/Desktop/React-Components/react-rss/src/tests/cardList.test.tsx": {
    "path": "C:/Users/Alena/Desktop/React-Components/react-rss/src/tests/cardList.test.tsx",
    "statementMap": {},
    "fnMap": {},
    "branchMap": {},
    "s": {},
    "f": {},
    "b": {}
  },
  "C:/Users/Alena/Desktop/React-Components/react-rss/src/tests/CardsPage.test.tsx": {
    "path": "C:/Users/Alena/Desktop/React-Components/react-rss/src/tests/CardsPage.test.tsx",
    "statementMap": {},
    "fnMap": {},
    "branchMap": {},
    "s": {},
    "f": {},
    "b": {}
  },
  "C:/Users/Alena/Desktop/React-Components/react-rss/src/tests/form.test.tsx": {
    "path": "C:/Users/Alena/Desktop/React-Components/react-rss/src/tests/form.test.tsx",
    "statementMap": {},
    "fnMap": {},
    "branchMap": {},
    "s": {},
    "f": {},
    "b": {}
  },
  "C:/Users/Alena/Desktop/React-Components/react-rss/src/tests/FormPage.test.tsx": {
    "path": "C:/Users/Alena/Desktop/React-Components/react-rss/src/tests/FormPage.test.tsx",
    "statementMap": {},
    "fnMap": {},
    "branchMap": {},
    "s": {},
    "f": {},
    "b": {}
  },
  "C:/Users/Alena/Desktop/React-Components/react-rss/src/tests/getURL.test.tsx": {
    "path": "C:/Users/Alena/Desktop/React-Components/react-rss/src/tests/getURL.test.tsx",
    "statementMap": {},
    "fnMap": {},
    "branchMap": {},
    "s": {},
    "f": {},
    "b": {}
  },
  "C:/Users/Alena/Desktop/React-Components/react-rss/src/tests/InputCheckbox.test.tsx": {
    "path": "C:/Users/Alena/Desktop/React-Components/react-rss/src/tests/InputCheckbox.test.tsx",
    "statementMap": {},
    "fnMap": {},
    "branchMap": {},
    "s": {},
    "f": {},
    "b": {}
  },
  "C:/Users/Alena/Desktop/React-Components/react-rss/src/tests/InputFile.test.tsx": {
    "path": "C:/Users/Alena/Desktop/React-Components/react-rss/src/tests/InputFile.test.tsx",
    "statementMap": {},
    "fnMap": {},
    "branchMap": {},
    "s": {},
    "f": {},
    "b": {}
  },
  "C:/Users/Alena/Desktop/React-Components/react-rss/src/tests/InputRadio.test.tsx": {
    "path": "C:/Users/Alena/Desktop/React-Components/react-rss/src/tests/InputRadio.test.tsx",
    "statementMap": {},
    "fnMap": {},
    "branchMap": {},
    "s": {},
    "f": {},
    "b": {}
  },
  "C:/Users/Alena/Desktop/React-Components/react-rss/src/tests/InputSearch.test.tsx": {
    "path": "C:/Users/Alena/Desktop/React-Components/react-rss/src/tests/InputSearch.test.tsx",
    "statementMap": {},
    "fnMap": {},
    "branchMap": {},
    "s": {},
    "f": {},
    "b": {}
  },
  "C:/Users/Alena/Desktop/React-Components/react-rss/src/tests/InputSelect.test.tsx": {
    "path": "C:/Users/Alena/Desktop/React-Components/react-rss/src/tests/InputSelect.test.tsx",
    "statementMap": {},
    "fnMap": {},
    "branchMap": {},
    "s": {},
    "f": {},
    "b": {}
  },
  "C:/Users/Alena/Desktop/React-Components/react-rss/src/tests/InputText.test.tsx": {
    "path": "C:/Users/Alena/Desktop/React-Components/react-rss/src/tests/InputText.test.tsx",
    "statementMap": {},
    "fnMap": {},
    "branchMap": {},
    "s": {},
    "f": {},
    "b": {}
  },
  "C:/Users/Alena/Desktop/React-Components/react-rss/src/tests/Modal.test.tsx": {
    "path": "C:/Users/Alena/Desktop/React-Components/react-rss/src/tests/Modal.test.tsx",
    "statementMap": {},
    "fnMap": {},
    "branchMap": {},
    "s": {},
    "f": {},
    "b": {}
  },
  "C:/Users/Alena/Desktop/React-Components/react-rss/src/tests/nameValidation.test.tsx": {
    "path": "C:/Users/Alena/Desktop/React-Components/react-rss/src/tests/nameValidation.test.tsx",
    "statementMap": {},
    "fnMap": {},
    "branchMap": {},
    "s": {},
    "f": {},
    "b": {}
  },
  "C:/Users/Alena/Desktop/React-Components/react-rss/src/pages/CardsPage/utils/index.tsx": {
    "path": "C:/Users/Alena/Desktop/React-Components/react-rss/src/pages/CardsPage/utils/index.tsx",
    "statementMap": {},
    "fnMap": {},
    "branchMap": {},
    "s": {},
    "f": {},
    "b": {}
  }
}
